build/app/intermediates/manifest_merge_blame_file/debug/manifest-merger-blame-debug-report.txt
1<?xml version="1.0" encoding="utf-8"?>
2<manifest xmlns:android="http://schemas.android.com/apk/res/android"
3    package="com.maersk.book_meetings"
4    android:versionCode="1"
5    android:versionName="1.0.0" >
6
7    <uses-sdk
8        android:minSdkVersion="16"
9        android:targetSdkVersion="29" />
10    <!--
11         Flutter needs it to communicate with the running application
12         to allow setting breakpoints, to provide hot reload, etc.
13    -->
14    <uses-permission android:name="android.permission.INTERNET" />
14-->src/debug/AndroidManifest.xml:6:5-66
14-->src/debug/AndroidManifest.xml:6:22-64
15    <!--
16     io.flutter.app.FlutterApplication is an android.app.Application that
17         calls FlutterMain.startInitialization(this); in its onCreate method.
18         In most cases you can leave this as-is, but you if you want to provide
19         additional functionality it is fine to subclass or reimplement
20         FlutterApplication and put your custom class here.
21    -->
22    <uses-permission android:name="android.permission.VIBRATE" />
22-->src/main/AndroidManifest.xml:8:5-66
22-->src/main/AndroidManifest.xml:8:22-63
23    <uses-permission android:name="android.permission.RECEIVE_BOOT_COMPLETED" />
23-->src/main/AndroidManifest.xml:9:5-80
23-->src/main/AndroidManifest.xml:9:22-78
24    <uses-permission android:name="android.permission.USE_FULL_SCREEN_INTENT" />
24-->[:flutter_local_notifications] AndroidManifest.xml:9:5-81
24-->[:flutter_local_notifications] AndroidManifest.xml:9:22-78
25
26    <application
26-->src/main/AndroidManifest.xml:10:5-55:19
27        android:name="io.flutter.app.FlutterApplication"
27-->src/main/AndroidManifest.xml:11:9-57
28        android:appComponentFactory="androidx.core.app.CoreComponentFactory"
28-->[androidx.core:core:1.3.0] AndroidManifest.xml:24:18-86
29        android:debuggable="true"
30        android:icon="@mipmap/ic_launcher"
30-->src/main/AndroidManifest.xml:13:9-43
31        android:label="Maersk Meetings" >
31-->src/main/AndroidManifest.xml:12:9-40
32        <activity
32-->src/main/AndroidManifest.xml:14:9-42:20
33            android:name="com.maersk.book_meetings.MainActivity"
33-->src/main/AndroidManifest.xml:15:13-41
34            android:configChanges="orientation|keyboardHidden|keyboard|screenSize|smallestScreenSize|locale|layoutDirection|fontScale|screenLayout|density|uiMode"
34-->src/main/AndroidManifest.xml:18:13-163
35            android:hardwareAccelerated="true"
35-->src/main/AndroidManifest.xml:19:13-47
36            android:launchMode="singleTop"
36-->src/main/AndroidManifest.xml:16:13-43
37            android:theme="@style/LaunchTheme"
37-->src/main/AndroidManifest.xml:17:13-47
38            android:windowSoftInputMode="adjustResize" >
38-->src/main/AndroidManifest.xml:20:13-55
39
40            <!--
41                 Specifies an Android theme to apply to this Activity as soon as
42                 the Android process has started. This theme is visible to the user
43                 while the Flutter UI initializes. After that, this theme continues
44                 to determine the Window background behind the Flutter UI.
45            -->
46            <meta-data
46-->src/main/AndroidManifest.xml:25:13-28:17
47                android:name="io.flutter.embedding.android.NormalTheme"
47-->src/main/AndroidManifest.xml:26:15-70
48                android:resource="@style/NormalTheme" />
48-->src/main/AndroidManifest.xml:27:15-52
49            <!--
50                 Displays an Android View that continues showing the launch screen
51                 Drawable until Flutter paints its first frame, then this splash
52                 screen fades out. A splash screen is useful to avoid any visual
53                 gap between the end of Android's launch screen and the painting of
54                 Flutter's first frame.
55            -->
56            <meta-data
56-->src/main/AndroidManifest.xml:34:13-37:17
57                android:name="io.flutter.embedding.android.SplashScreenDrawable"
57-->src/main/AndroidManifest.xml:35:15-79
58                android:resource="@drawable/launch_background" />
58-->src/main/AndroidManifest.xml:36:15-61
59
60            <intent-filter>
60-->src/main/AndroidManifest.xml:38:13-41:29
61                <action android:name="android.intent.action.MAIN" />
61-->src/main/AndroidManifest.xml:39:17-68
61-->src/main/AndroidManifest.xml:39:25-66
62
63                <category android:name="android.intent.category.LAUNCHER" />
63-->src/main/AndroidManifest.xml:40:17-76
63-->src/main/AndroidManifest.xml:40:27-74
64            </intent-filter>
65        </activity>
66
67        <receiver android:name="com.dexterous.flutterlocalnotifications.ScheduledNotificationBootReceiver" >
67-->src/main/AndroidManifest.xml:43:9-47:20
67-->src/main/AndroidManifest.xml:43:19-107
68            <intent-filter>
68-->src/main/AndroidManifest.xml:44:13-46:29
69                <action android:name="android.intent.action.BOOT_COMPLETED" />
69-->src/main/AndroidManifest.xml:45:17-86
69-->src/main/AndroidManifest.xml:45:25-76
70            </intent-filter>
71            <intent-filter>
71-->[:flutter_local_notifications] AndroidManifest.xml:14:13-19:29
72                <action android:name="android.intent.action.BOOT_COMPLETED" />
72-->src/main/AndroidManifest.xml:45:17-86
72-->src/main/AndroidManifest.xml:45:25-76
73                <action android:name="android.intent.action.MY_PACKAGE_REPLACED" />
73-->[:flutter_local_notifications] AndroidManifest.xml:16:17-84
73-->[:flutter_local_notifications] AndroidManifest.xml:16:25-81
74                <action android:name="android.intent.action.QUICKBOOT_POWERON" />
74-->[:flutter_local_notifications] AndroidManifest.xml:17:17-82
74-->[:flutter_local_notifications] AndroidManifest.xml:17:25-79
75                <action android:name="com.htc.intent.action.QUICKBOOT_POWERON" />
75-->[:flutter_local_notifications] AndroidManifest.xml:18:17-82
75-->[:flutter_local_notifications] AndroidManifest.xml:18:25-79
76            </intent-filter>
77        </receiver>
78        <receiver android:name="com.dexterous.flutterlocalnotifications.ScheduledNotificationReceiver" />
78-->src/main/AndroidManifest.xml:49:9-106
78-->src/main/AndroidManifest.xml:49:19-103
79        <!--
80             Don't delete the meta-data below.
81             This is used by the Flutter tool to generate GeneratedPluginRegistrant.java
82        -->
83        <meta-data
83-->src/main/AndroidManifest.xml:52:9-54:33
84            android:name="flutterEmbedding"
84-->src/main/AndroidManifest.xml:53:13-44
85            android:value="2" />
85-->src/main/AndroidManifest.xml:54:13-30
86    </application>
87
88</manifest>